Performing C SOURCE FILE Test CMAKE_HAVE_LIBC_PTHREAD failed with the following output:
Change Dir: /home/users/ivyyen/Project/mcx/src/build/CMakeFiles/CMakeScratch/TryCompile-ZepAOA

Run Build Command(s):/usr/bin/make -f Makefile cmTC_555d0/fast && /usr/bin/make  -f CMakeFiles/cmTC_555d0.dir/build.make CMakeFiles/cmTC_555d0.dir/build
make[1]: Entering directory '/drives/mobi1/users/ivyyen/mcx/src/build/CMakeFiles/CMakeScratch/TryCompile-ZepAOA'
Building C object CMakeFiles/cmTC_555d0.dir/src.c.o
/usr/bin/cc -DCMAKE_HAVE_LIBC_PTHREAD  -fPIC  -o CMakeFiles/cmTC_555d0.dir/src.c.o -c /home/users/ivyyen/Project/mcx/src/build/CMakeFiles/CMakeScratch/TryCompile-ZepAOA/src.c
Linking C executable cmTC_555d0
/usr/bin/cmake -E cmake_link_script CMakeFiles/cmTC_555d0.dir/link.txt --verbose=1
/usr/bin/cc -fPIC  -rdynamic CMakeFiles/cmTC_555d0.dir/src.c.o -o cmTC_555d0 
CMakeFiles/cmTC_555d0.dir/src.c.o: In function `main':
src.c:(.text+0x3e): undefined reference to `pthread_create'
src.c:(.text+0x4a): undefined reference to `pthread_detach'
src.c:(.text+0x56): undefined reference to `pthread_cancel'
src.c:(.text+0x67): undefined reference to `pthread_join'
src.c:(.text+0x7b): undefined reference to `pthread_atfork'
collect2: error: ld returned 1 exit status
CMakeFiles/cmTC_555d0.dir/build.make:98: recipe for target 'cmTC_555d0' failed
make[1]: *** [cmTC_555d0] Error 1
make[1]: Leaving directory '/drives/mobi1/users/ivyyen/mcx/src/build/CMakeFiles/CMakeScratch/TryCompile-ZepAOA'
Makefile:127: recipe for target 'cmTC_555d0/fast' failed
make: *** [cmTC_555d0/fast] Error 2


Source file was:
#include <pthread.h>

static void* test_func(void* data)
{
  return data;
}

int main(void)
{
  pthread_t thread;
  pthread_create(&thread, NULL, test_func, NULL);
  pthread_detach(thread);
  pthread_cancel(thread);
  pthread_join(thread, NULL);
  pthread_atfork(NULL, NULL, NULL);
  pthread_exit(NULL);

  return 0;
}


Determining if the function pthread_create exists in the pthreads failed with the following output:
Change Dir: /home/users/ivyyen/Project/mcx/src/build/CMakeFiles/CMakeScratch/TryCompile-KdWGcK

Run Build Command(s):/usr/bin/make -f Makefile cmTC_179a1/fast && /usr/bin/make  -f CMakeFiles/cmTC_179a1.dir/build.make CMakeFiles/cmTC_179a1.dir/build
make[1]: Entering directory '/drives/mobi1/users/ivyyen/mcx/src/build/CMakeFiles/CMakeScratch/TryCompile-KdWGcK'
Building C object CMakeFiles/cmTC_179a1.dir/CheckFunctionExists.c.o
/usr/bin/cc   -fPIC -DCHECK_FUNCTION_EXISTS=pthread_create -o CMakeFiles/cmTC_179a1.dir/CheckFunctionExists.c.o -c /home/users/ivyyen/Project/mcx/src/build/CMakeFiles/CMakeScratch/TryCompile-KdWGcK/CheckFunctionExists.c
Linking C executable cmTC_179a1
/usr/bin/cmake -E cmake_link_script CMakeFiles/cmTC_179a1.dir/link.txt --verbose=1
/usr/bin/cc -fPIC -DCHECK_FUNCTION_EXISTS=pthread_create -rdynamic CMakeFiles/cmTC_179a1.dir/CheckFunctionExists.c.o -o cmTC_179a1  -lpthreads 
/usr/bin/ld: cannot find -lpthreads
collect2: error: ld returned 1 exit status
CMakeFiles/cmTC_179a1.dir/build.make:98: recipe for target 'cmTC_179a1' failed
make[1]: *** [cmTC_179a1] Error 1
make[1]: Leaving directory '/drives/mobi1/users/ivyyen/mcx/src/build/CMakeFiles/CMakeScratch/TryCompile-KdWGcK'
Makefile:127: recipe for target 'cmTC_179a1/fast' failed
make: *** [cmTC_179a1/fast] Error 2



